[ 2020-09-19T14:10:51+08:00 ] 127.0.0.1 /index.php/Admin/Index/index
INFO: [ app_init ] --START--
INFO: Run Behavior\BuildLiteBehavior [ RunTime:0.000000s ]
INFO: [ app_init ] --END-- [ RunTime:0.000000s ]
INFO: [ app_begin ] --START--
INFO: Run Behavior\ReadHtmlCacheBehavior [ RunTime:0.000000s ]
INFO: [ app_begin ] --END-- [ RunTime:0.000000s ]
SQL: SHOW COLUMNS FROM `tp_auth_group_access` [ RunTime:0.0240s ]
SQL: SELECT `uid`,`group_id`,`title`,`rules` FROM tp_auth_group_access a INNER JOIN tp_auth_group g on a.group_id=g.id  WHERE ( a.uid='88' and g.status='1' )  [ RunTime:0.0460s ]
SQL: SHOW COLUMNS FROM `tp_auth_rule` [ RunTime:0.0020s ]
SQL: SELECT `condition`,`name` FROM `tp_auth_rule` WHERE `id` IN ('6','96','20','1','2','3','4','5','64','126','127','21','7','8','9','10','11','12','13','14','15','16','123','124','125','19','268','269','270','271') AND `type` = 1 AND `status` = 1  [ RunTime:0.0100s ]
NOTIC: [2048] Declaration of Common\Model\AdminNavModel::getTreeData() should be compatible with Common\Model\BaseModel::getTreeData($type = 'tree', $order = '', $name = 'name', $child = 'id', $parent = 'pid') D:\phpstudy_pro\WWW\gcw\Application\Common\Model\AdminNavModel.class.php 第 7 行.
SQL: SHOW COLUMNS FROM `tp_admin_nav` [ RunTime:0.0150s ]
SQL: SELECT * FROM `tp_admin_nav` ORDER BY order_number is null,`order_number`,`id`  [ RunTime:0.0190s ]
INFO: [ view_parse ] --START--
INFO: [ template_filter ] --START--
INFO: Run Behavior\ContentReplaceBehavior [ RunTime:0.009001s ]
INFO: [ template_filter ] --END-- [ RunTime:0.009001s ]
INFO: Run Behavior\ParseTemplateBehavior [ RunTime:0.082004s ]
INFO: [ view_parse ] --END-- [ RunTime:0.082004s ]
INFO: [ view_filter ] --START--
INFO: Run Behavior\WriteHtmlCacheBehavior [ RunTime:0.000000s ]
INFO: [ view_filter ] --END-- [ RunTime:0.000000s ]
INFO: [ app_end ] --START--
INFO: Run Behavior\ShowPageTraceBehavior [ RunTime:0.001000s ]
INFO: [ app_end ] --END-- [ RunTime:0.001000s ]

[ 2020-09-19T19:57:38+08:00 ] 192.168.101.250 /admin
INFO: [ app_init ] --START--
INFO: Run Behavior\BuildLiteBehavior [ RunTime:0.000000s ]
INFO: [ app_init ] --END-- [ RunTime:0.007001s ]
INFO: [ app_begin ] --START--
INFO: Run Behavior\ReadHtmlCacheBehavior [ RunTime:0.001000s ]
INFO: [ app_begin ] --END-- [ RunTime:0.001000s ]
NOTIC: [8] Undefined index: user D:\phpstudy_pro\WWW\gcw\Application\Common\Controller\AdminBaseController.class.php 第 13 行.
INFO: [ view_parse ] --START--
INFO: [ template_filter ] --START--
INFO: Run Behavior\ContentReplaceBehavior [ RunTime:0.001001s ]
INFO: [ template_filter ] --END-- [ RunTime:0.001001s ]
NOTIC: [8] Undefined index: user D:\phpstudy_pro\WWW\gcw\Runtime\Cache\Admin\d7feadb5c08f757b4554b3b53475a657.php 第 35 行.
NOTIC: [8] Undefined index: user D:\phpstudy_pro\WWW\gcw\Runtime\Cache\Admin\d7feadb5c08f757b4554b3b53475a657.php 第 36 行.
NOTIC: [8] Undefined variable: nav_data D:\phpstudy_pro\WWW\gcw\Runtime\Cache\Admin\d7feadb5c08f757b4554b3b53475a657.php 第 52 行.
NOTIC: [8] Undefined variable: message D:\phpstudy_pro\WWW\gcw\Runtime\Cache\Admin\d7feadb5c08f757b4554b3b53475a657.php 第 120 行.
NOTIC: [8] Undefined variable: message D:\phpstudy_pro\WWW\gcw\Runtime\Cache\Admin\d7feadb5c08f757b4554b3b53475a657.php 第 124 行.
INFO: Run Behavior\ParseTemplateBehavior [ RunTime:0.101006s ]
INFO: [ view_parse ] --END-- [ RunTime:0.101006s ]
INFO: [ view_filter ] --START--
INFO: Run Behavior\WriteHtmlCacheBehavior [ RunTime:0.001000s ]
INFO: [ view_filter ] --END-- [ RunTime:0.001000s ]

[ 2020-09-19T19:57:48+08:00 ] 192.168.101.250 /index.php/Admin/Index/index
INFO: [ app_init ] --START--
INFO: Run Behavior\BuildLiteBehavior [ RunTime:0.000000s ]
INFO: [ app_init ] --END-- [ RunTime:0.001000s ]
INFO: [ app_begin ] --START--
INFO: Run Behavior\ReadHtmlCacheBehavior [ RunTime:0.001000s ]
INFO: [ app_begin ] --END-- [ RunTime:0.001000s ]
SQL: SHOW COLUMNS FROM `tp_auth_group_access` [ RunTime:0.0300s ]
SQL: SELECT `uid`,`group_id`,`title`,`rules` FROM tp_auth_group_access a INNER JOIN tp_auth_group g on a.group_id=g.id  WHERE ( a.uid='88' and g.status='1' )  [ RunTime:0.0010s ]
SQL: SHOW COLUMNS FROM `tp_auth_rule` [ RunTime:0.0010s ]
SQL: SELECT `condition`,`name` FROM `tp_auth_rule` WHERE `id` IN ('6','96','20','1','2','3','4','5','64','126','127','21','7','8','9','10','11','12','13','14','15','16','123','124','125','19','268','269','270','271') AND `type` = 1 AND `status` = 1  [ RunTime:0.0010s ]
NOTIC: [2048] Declaration of Common\Model\AdminNavModel::getTreeData() should be compatible with Common\Model\BaseModel::getTreeData($type = 'tree', $order = '', $name = 'name', $child = 'id', $parent = 'pid') D:\phpstudy_pro\WWW\gcw\Application\Common\Model\AdminNavModel.class.php 第 7 行.
SQL: SHOW COLUMNS FROM `tp_admin_nav` [ RunTime:0.0010s ]
SQL: SELECT * FROM `tp_admin_nav` ORDER BY order_number is null,`order_number`,`id`  [ RunTime:0.0070s ]
INFO: [ view_parse ] --START--
INFO: [ template_filter ] --START--
INFO: Run Behavior\ContentReplaceBehavior [ RunTime:0.000000s ]
INFO: [ template_filter ] --END-- [ RunTime:0.000000s ]
INFO: Run Behavior\ParseTemplateBehavior [ RunTime:0.012001s ]
INFO: [ view_parse ] --END-- [ RunTime:0.012001s ]
INFO: [ view_filter ] --START--
INFO: Run Behavior\WriteHtmlCacheBehavior [ RunTime:0.000000s ]
INFO: [ view_filter ] --END-- [ RunTime:0.000000s ]
INFO: [ app_end ] --START--
INFO: Run Behavior\ShowPageTraceBehavior [ RunTime:0.000000s ]
INFO: [ app_end ] --END-- [ RunTime:0.000000s ]

[ 2020-09-19T19:57:53+08:00 ] 192.168.101.250 /index.php/Admin/Nav/index
INFO: [ app_init ] --START--
INFO: Run Behavior\BuildLiteBehavior [ RunTime:0.000000s ]
INFO: [ app_init ] --END-- [ RunTime:0.000000s ]
INFO: [ app_begin ] --START--
INFO: Run Behavior\ReadHtmlCacheBehavior [ RunTime:0.001001s ]
INFO: [ app_begin ] --END-- [ RunTime:0.001001s ]
SQL: SHOW COLUMNS FROM `tp_auth_group_access` [ RunTime:0.0010s ]
SQL: SELECT `uid`,`group_id`,`title`,`rules` FROM tp_auth_group_access a INNER JOIN tp_auth_group g on a.group_id=g.id  WHERE ( a.uid='88' and g.status='1' )  [ RunTime:0.0010s ]
SQL: SHOW COLUMNS FROM `tp_auth_rule` [ RunTime:0.0010s ]
SQL: SELECT `condition`,`name` FROM `tp_auth_rule` WHERE `id` IN ('6','96','20','1','2','3','4','5','64','126','127','21','7','8','9','10','11','12','13','14','15','16','123','124','125','19','268','269','270','271') AND `type` = 1 AND `status` = 1  [ RunTime:0.0000s ]
NOTIC: [2048] Declaration of Common\Model\AdminNavModel::getTreeData() should be compatible with Common\Model\BaseModel::getTreeData($type = 'tree', $order = '', $name = 'name', $child = 'id', $parent = 'pid') D:\phpstudy_pro\WWW\gcw\Application\Common\Model\AdminNavModel.class.php 第 7 行.
SQL: SHOW COLUMNS FROM `tp_admin_nav` [ RunTime:0.0000s ]
SQL: SELECT * FROM `tp_admin_nav` ORDER BY order_number is null,`order_number`,`id`  [ RunTime:0.0000s ]
SQL: SELECT * FROM `tp_admin_nav` ORDER BY order_number is null,`order_number`,`id`  [ RunTime:0.0000s ]
INFO: [ view_parse ] --START--
INFO: [ template_filter ] --START--
INFO: Run Behavior\ContentReplaceBehavior [ RunTime:0.000000s ]
INFO: [ template_filter ] --END-- [ RunTime:0.000000s ]
INFO: Run Behavior\ParseTemplateBehavior [ RunTime:0.020001s ]
INFO: [ view_parse ] --END-- [ RunTime:0.022001s ]
INFO: [ view_filter ] --START--
INFO: Run Behavior\WriteHtmlCacheBehavior [ RunTime:0.000000s ]
INFO: [ view_filter ] --END-- [ RunTime:0.000000s ]
INFO: [ app_end ] --START--
INFO: Run Behavior\ShowPageTraceBehavior [ RunTime:0.000000s ]
INFO: [ app_end ] --END-- [ RunTime:0.000000s ]

[ 2020-09-19T19:57:54+08:00 ] 192.168.101.250 /index.php/Admin/Nav/web_sys
INFO: [ app_init ] --START--
INFO: Run Behavior\BuildLiteBehavior [ RunTime:0.000000s ]
INFO: [ app_init ] --END-- [ RunTime:0.000000s ]
INFO: [ app_begin ] --START--
INFO: Run Behavior\ReadHtmlCacheBehavior [ RunTime:0.000000s ]
INFO: [ app_begin ] --END-- [ RunTime:0.000000s ]
SQL: SHOW COLUMNS FROM `tp_auth_group_access` [ RunTime:0.0160s ]
SQL: SELECT `uid`,`group_id`,`title`,`rules` FROM tp_auth_group_access a INNER JOIN tp_auth_group g on a.group_id=g.id  WHERE ( a.uid='88' and g.status='1' )  [ RunTime:0.0000s ]
SQL: SHOW COLUMNS FROM `tp_auth_rule` [ RunTime:0.0010s ]
SQL: SELECT `condition`,`name` FROM `tp_auth_rule` WHERE `id` IN ('6','96','20','1','2','3','4','5','64','126','127','21','7','8','9','10','11','12','13','14','15','16','123','124','125','19','268','269','270','271') AND `type` = 1 AND `status` = 1  [ RunTime:0.0010s ]
NOTIC: [2048] Declaration of Common\Model\AdminNavModel::getTreeData() should be compatible with Common\Model\BaseModel::getTreeData($type = 'tree', $order = '', $name = 'name', $child = 'id', $parent = 'pid') D:\phpstudy_pro\WWW\gcw\Application\Common\Model\AdminNavModel.class.php 第 7 行.
SQL: SHOW COLUMNS FROM `tp_admin_nav` [ RunTime:0.0010s ]
SQL: SELECT * FROM `tp_admin_nav` ORDER BY order_number is null,`order_number`,`id`  [ RunTime:0.0000s ]
SQL: SHOW COLUMNS FROM `tp_config` [ RunTime:0.0010s ]
SQL: SELECT * FROM `tp_config` WHERE `inc_type` = 'web_sys'  [ RunTime:0.0000s ]
INFO: [ view_parse ] --START--
INFO: [ template_filter ] --START--
INFO: Run Behavior\ContentReplaceBehavior [ RunTime:0.000000s ]
INFO: [ template_filter ] --END-- [ RunTime:0.000000s ]
INFO: Run Behavior\ParseTemplateBehavior [ RunTime:0.020001s ]
INFO: [ view_parse ] --END-- [ RunTime:0.020001s ]
INFO: [ view_filter ] --START--
INFO: Run Behavior\WriteHtmlCacheBehavior [ RunTime:0.000000s ]
INFO: [ view_filter ] --END-- [ RunTime:0.000000s ]
INFO: [ app_end ] --START--
INFO: Run Behavior\ShowPageTraceBehavior [ RunTime:0.001000s ]
INFO: [ app_end ] --END-- [ RunTime:0.001000s ]

[ 2020-09-19T19:58:23+08:00 ] 192.168.101.250 /index.php/Admin/Nav/web_sys_add
INFO: [ app_init ] --START--
INFO: Run Behavior\BuildLiteBehavior [ RunTime:0.000000s ]
INFO: [ app_init ] --END-- [ RunTime:0.001000s ]
INFO: [ app_begin ] --START--
INFO: Run Behavior\ReadHtmlCacheBehavior [ RunTime:0.000000s ]
INFO: [ app_begin ] --END-- [ RunTime:0.000000s ]
SQL: SHOW COLUMNS FROM `tp_auth_group_access` [ RunTime:0.0010s ]
SQL: SELECT `uid`,`group_id`,`title`,`rules` FROM tp_auth_group_access a INNER JOIN tp_auth_group g on a.group_id=g.id  WHERE ( a.uid='88' and g.status='1' )  [ RunTime:0.0000s ]
SQL: SHOW COLUMNS FROM `tp_auth_rule` [ RunTime:0.0010s ]
SQL: SELECT `condition`,`name` FROM `tp_auth_rule` WHERE `id` IN ('6','96','20','1','2','3','4','5','64','126','127','21','7','8','9','10','11','12','13','14','15','16','123','124','125','19','268','269','270','271') AND `type` = 1 AND `status` = 1  [ RunTime:0.0000s ]
NOTIC: [2048] Declaration of Common\Model\AdminNavModel::getTreeData() should be compatible with Common\Model\BaseModel::getTreeData($type = 'tree', $order = '', $name = 'name', $child = 'id', $parent = 'pid') D:\phpstudy_pro\WWW\gcw\Application\Common\Model\AdminNavModel.class.php 第 7 行.
SQL: SHOW COLUMNS FROM `tp_admin_nav` [ RunTime:0.0010s ]
SQL: SELECT * FROM `tp_admin_nav` ORDER BY order_number is null,`order_number`,`id`  [ RunTime:0.0000s ]
NOTIC: [8] Undefined index: haibao D:\phpstudy_pro\WWW\gcw\Application\Admin\Controller\NavController.class.php 第 97 行.
SQL: SHOW COLUMNS FROM `tp_config` [ RunTime:0.0000s ]
SQL: SELECT * FROM `tp_config` WHERE `inc_type` = 'web_sys'  [ RunTime:0.0000s ]
SQL: SHOW COLUMNS FROM `tp_config` [ RunTime:0.0000s ]
SQL: INSERT INTO `tp_config` (`name`,`value`,`inc_type`) VALUES ('tv_text','电视用户','web_sys') [ RunTime:0.0290s ]
SQL: INSERT INTO `tp_config` (`name`,`value`,`inc_type`) VALUES ('mobile_text','手机用户','web_sys') [ RunTime:0.0000s ]
SQL: INSERT INTO `tp_config` (`name`,`value`,`inc_type`) VALUES ('week_text','周周赛','web_sys') [ RunTime:0.0010s ]
SQL: INSERT INTO `tp_config` (`name`,`value`,`inc_type`) VALUES ('zt_text','自由赛','web_sys') [ RunTime:0.0010s ]
SQL: INSERT INTO `tp_config` (`name`,`value`,`inc_type`) VALUES ('px_text','拍摄要求','web_sys') [ RunTime:0.0010s ]
SQL: INSERT INTO `tp_config` (`name`,`value`,`inc_type`) VALUES ('fz_text','服装要求','web_sys') [ RunTime:0.0000s ]
SQL: SELECT * FROM `tp_config` WHERE `inc_type` = 'web_sys'  [ RunTime:0.0000s ]
INFO: [ view_parse ] --START--
INFO: [ template_filter ] --START--
INFO: Run Behavior\ContentReplaceBehavior [ RunTime:0.000000s ]
INFO: [ template_filter ] --END-- [ RunTime:0.000000s ]
NOTIC: [8] Undefined variable: error D:\phpstudy_pro\WWW\gcw\Runtime\Cache\Admin\d7feadb5c08f757b4554b3b53475a657.php 第 124 行.
INFO: Run Behavior\ParseTemplateBehavior [ RunTime:0.012001s ]
INFO: [ view_parse ] --END-- [ RunTime:0.012001s ]
INFO: [ view_filter ] --START--
INFO: Run Behavior\WriteHtmlCacheBehavior [ RunTime:0.000000s ]
INFO: [ view_filter ] --END-- [ RunTime:0.000000s ]
INFO: [ app_end ] --START--
INFO: Run Behavior\ShowPageTraceBehavior [ RunTime:0.001000s ]
INFO: [ app_end ] --END-- [ RunTime:0.001000s ]

[ 2020-09-19T19:58:24+08:00 ] 192.168.101.250 /index.php/Admin/Nav/web_sys
INFO: [ app_init ] --START--
INFO: Run Behavior\BuildLiteBehavior [ RunTime:0.000000s ]
INFO: [ app_init ] --END-- [ RunTime:0.001000s ]
INFO: [ app_begin ] --START--
INFO: Run Behavior\ReadHtmlCacheBehavior [ RunTime:0.000000s ]
INFO: [ app_begin ] --END-- [ RunTime:0.000000s ]
SQL: SHOW COLUMNS FROM `tp_auth_group_access` [ RunTime:0.0220s ]
SQL: SELECT `uid`,`group_id`,`title`,`rules` FROM tp_auth_group_access a INNER JOIN tp_auth_group g on a.group_id=g.id  WHERE ( a.uid='88' and g.status='1' )  [ RunTime:0.0000s ]
SQL: SHOW COLUMNS FROM `tp_auth_rule` [ RunTime:0.0010s ]
SQL: SELECT `condition`,`name` FROM `tp_auth_rule` WHERE `id` IN ('6','96','20','1','2','3','4','5','64','126','127','21','7','8','9','10','11','12','13','14','15','16','123','124','125','19','268','269','270','271') AND `type` = 1 AND `status` = 1  [ RunTime:0.0010s ]
NOTIC: [2048] Declaration of Common\Model\AdminNavModel::getTreeData() should be compatible with Common\Model\BaseModel::getTreeData($type = 'tree', $order = '', $name = 'name', $child = 'id', $parent = 'pid') D:\phpstudy_pro\WWW\gcw\Application\Common\Model\AdminNavModel.class.php 第 7 行.
SQL: SHOW COLUMNS FROM `tp_admin_nav` [ RunTime:0.0010s ]
SQL: SELECT * FROM `tp_admin_nav` ORDER BY order_number is null,`order_number`,`id`  [ RunTime:0.0000s ]
SQL: SHOW COLUMNS FROM `tp_config` [ RunTime:0.0010s ]
SQL: SELECT * FROM `tp_config` WHERE `inc_type` = 'web_sys'  [ RunTime:0.0000s ]
INFO: [ view_parse ] --START--
INFO: [ template_filter ] --START--
INFO: Run Behavior\ContentReplaceBehavior [ RunTime:0.002000s ]
INFO: [ template_filter ] --END-- [ RunTime:0.002000s ]
INFO: Run Behavior\ParseTemplateBehavior [ RunTime:0.011001s ]
INFO: [ view_parse ] --END-- [ RunTime:0.011001s ]
INFO: [ view_filter ] --START--
INFO: Run Behavior\WriteHtmlCacheBehavior [ RunTime:0.001000s ]
INFO: [ view_filter ] --END-- [ RunTime:0.001000s ]
INFO: [ app_end ] --START--
INFO: Run Behavior\ShowPageTraceBehavior [ RunTime:0.000000s ]
INFO: [ app_end ] --END-- [ RunTime:0.000000s ]

[ 2020-09-19T19:59:47+08:00 ] 192.168.101.250 /index.php/Admin/Nav/web_sys
INFO: [ app_init ] --START--
INFO: Run Behavior\BuildLiteBehavior [ RunTime:0.000000s ]
INFO: [ app_init ] --END-- [ RunTime:0.001000s ]
INFO: [ app_begin ] --START--
INFO: Run Behavior\ReadHtmlCacheBehavior [ RunTime:0.000000s ]
INFO: [ app_begin ] --END-- [ RunTime:0.000000s ]
SQL: SHOW COLUMNS FROM `tp_auth_group_access` [ RunTime:0.0010s ]
SQL: SELECT `uid`,`group_id`,`title`,`rules` FROM tp_auth_group_access a INNER JOIN tp_auth_group g on a.group_id=g.id  WHERE ( a.uid='88' and g.status='1' )  [ RunTime:0.0000s ]
SQL: SHOW COLUMNS FROM `tp_auth_rule` [ RunTime:0.0010s ]
SQL: SELECT `condition`,`name` FROM `tp_auth_rule` WHERE `id` IN ('6','96','20','1','2','3','4','5','64','126','127','21','7','8','9','10','11','12','13','14','15','16','123','124','125','19','268','269','270','271') AND `type` = 1 AND `status` = 1  [ RunTime:0.0000s ]
NOTIC: [2048] Declaration of Common\Model\AdminNavModel::getTreeData() should be compatible with Common\Model\BaseModel::getTreeData($type = 'tree', $order = '', $name = 'name', $child = 'id', $parent = 'pid') D:\phpstudy_pro\WWW\gcw\Application\Common\Model\AdminNavModel.class.php 第 7 行.
SQL: SHOW COLUMNS FROM `tp_admin_nav` [ RunTime:0.0010s ]
SQL: SELECT * FROM `tp_admin_nav` ORDER BY order_number is null,`order_number`,`id`  [ RunTime:0.0000s ]
SQL: SHOW COLUMNS FROM `tp_config` [ RunTime:0.0010s ]
SQL: SELECT * FROM `tp_config` WHERE `inc_type` = 'web_sys'  [ RunTime:0.0000s ]
INFO: [ view_parse ] --START--
INFO: [ template_filter ] --START--
INFO: Run Behavior\ContentReplaceBehavior [ RunTime:0.000000s ]
INFO: [ template_filter ] --END-- [ RunTime:0.000000s ]
INFO: Run Behavior\ParseTemplateBehavior [ RunTime:0.008001s ]
INFO: [ view_parse ] --END-- [ RunTime:0.008001s ]
INFO: [ view_filter ] --START--
INFO: Run Behavior\WriteHtmlCacheBehavior [ RunTime:0.000000s ]
INFO: [ view_filter ] --END-- [ RunTime:0.000000s ]
INFO: [ app_end ] --START--
INFO: Run Behavior\ShowPageTraceBehavior [ RunTime:0.001000s ]
INFO: [ app_end ] --END-- [ RunTime:0.001000s ]

[ 2020-09-19T20:00:32+08:00 ] 192.168.101.250 /index.php/Admin/Nav/web_sys_add
INFO: [ app_init ] --START--
INFO: Run Behavior\BuildLiteBehavior [ RunTime:0.000000s ]
INFO: [ app_init ] --END-- [ RunTime:0.001000s ]
INFO: [ app_begin ] --START--
INFO: Run Behavior\ReadHtmlCacheBehavior [ RunTime:0.001000s ]
INFO: [ app_begin ] --END-- [ RunTime:0.001000s ]
SQL: SHOW COLUMNS FROM `tp_auth_group_access` [ RunTime:0.0150s ]
SQL: SELECT `uid`,`group_id`,`title`,`rules` FROM tp_auth_group_access a INNER JOIN tp_auth_group g on a.group_id=g.id  WHERE ( a.uid='88' and g.status='1' )  [ RunTime:0.0000s ]
SQL: SHOW COLUMNS FROM `tp_auth_rule` [ RunTime:0.0000s ]
SQL: SELECT `condition`,`name` FROM `tp_auth_rule` WHERE `id` IN ('6','96','20','1','2','3','4','5','64','126','127','21','7','8','9','10','11','12','13','14','15','16','123','124','125','19','268','269','270','271') AND `type` = 1 AND `status` = 1  [ RunTime:0.0000s ]
NOTIC: [2048] Declaration of Common\Model\AdminNavModel::getTreeData() should be compatible with Common\Model\BaseModel::getTreeData($type = 'tree', $order = '', $name = 'name', $child = 'id', $parent = 'pid') D:\phpstudy_pro\WWW\gcw\Application\Common\Model\AdminNavModel.class.php 第 7 行.
SQL: SHOW COLUMNS FROM `tp_admin_nav` [ RunTime:0.0000s ]
SQL: SELECT * FROM `tp_admin_nav` ORDER BY order_number is null,`order_number`,`id`  [ RunTime:0.0010s ]
NOTIC: [8] Undefined index: haibao D:\phpstudy_pro\WWW\gcw\Application\Admin\Controller\NavController.class.php 第 97 行.
SQL: SHOW COLUMNS FROM `tp_config` [ RunTime:0.0000s ]
SQL: SELECT * FROM `tp_config` WHERE `inc_type` = 'web_sys'  [ RunTime:0.0000s ]
SQL: SHOW COLUMNS FROM `tp_config` [ RunTime:0.0010s ]
SQL: UPDATE `tp_config` SET `name`='tv_text',`value`='电视用户1',`inc_type`='web_sys' WHERE `name` = 'tv_text' [ RunTime:0.0200s ]
SQL: SELECT * FROM `tp_config` WHERE `inc_type` = 'web_sys'  [ RunTime:0.0010s ]
INFO: [ view_parse ] --START--
INFO: [ template_filter ] --START--
INFO: Run Behavior\ContentReplaceBehavior [ RunTime:0.000000s ]
INFO: [ template_filter ] --END-- [ RunTime:0.000000s ]
NOTIC: [8] Undefined variable: error D:\phpstudy_pro\WWW\gcw\Runtime\Cache\Admin\d7feadb5c08f757b4554b3b53475a657.php 第 124 行.
INFO: Run Behavior\ParseTemplateBehavior [ RunTime:0.008000s ]
INFO: [ view_parse ] --END-- [ RunTime:0.008000s ]
INFO: [ view_filter ] --START--
INFO: Run Behavior\WriteHtmlCacheBehavior [ RunTime:0.000000s ]
INFO: [ view_filter ] --END-- [ RunTime:0.000000s ]
INFO: [ app_end ] --START--
INFO: Run Behavior\ShowPageTraceBehavior [ RunTime:0.000000s ]
INFO: [ app_end ] --END-- [ RunTime:0.000000s ]

[ 2020-09-19T20:00:33+08:00 ] 192.168.101.250 /index.php/Admin/Nav/web_sys
INFO: [ app_init ] --START--
INFO: Run Behavior\BuildLiteBehavior [ RunTime:0.000000s ]
INFO: [ app_init ] --END-- [ RunTime:0.000000s ]
INFO: [ app_begin ] --START--
INFO: Run Behavior\ReadHtmlCacheBehavior [ RunTime:0.000000s ]
INFO: [ app_begin ] --END-- [ RunTime:0.000000s ]
SQL: SHOW COLUMNS FROM `tp_auth_group_access` [ RunTime:0.0260s ]
SQL: SELECT `uid`,`group_id`,`title`,`rules` FROM tp_auth_group_access a INNER JOIN tp_auth_group g on a.group_id=g.id  WHERE ( a.uid='88' and g.status='1' )  [ RunTime:0.0000s ]
SQL: SHOW COLUMNS FROM `tp_auth_rule` [ RunTime:0.0010s ]
SQL: SELECT `condition`,`name` FROM `tp_auth_rule` WHERE `id` IN ('6','96','20','1','2','3','4','5','64','126','127','21','7','8','9','10','11','12','13','14','15','16','123','124','125','19','268','269','270','271') AND `type` = 1 AND `status` = 1  [ RunTime:0.0000s ]
NOTIC: [2048] Declaration of Common\Model\AdminNavModel::getTreeData() should be compatible with Common\Model\BaseModel::getTreeData($type = 'tree', $order = '', $name = 'name', $child = 'id', $parent = 'pid') D:\phpstudy_pro\WWW\gcw\Application\Common\Model\AdminNavModel.class.php 第 7 行.
SQL: SHOW COLUMNS FROM `tp_admin_nav` [ RunTime:0.0010s ]
SQL: SELECT * FROM `tp_admin_nav` ORDER BY order_number is null,`order_number`,`id`  [ RunTime:0.0000s ]
SQL: SHOW COLUMNS FROM `tp_config` [ RunTime:0.0000s ]
SQL: SELECT * FROM `tp_config` WHERE `inc_type` = 'web_sys'  [ RunTime:0.0000s ]
INFO: [ view_parse ] --START--
INFO: [ template_filter ] --START--
INFO: Run Behavior\ContentReplaceBehavior [ RunTime:0.000000s ]
INFO: [ template_filter ] --END-- [ RunTime:0.000000s ]
INFO: Run Behavior\ParseTemplateBehavior [ RunTime:0.009000s ]
INFO: [ view_parse ] --END-- [ RunTime:0.009000s ]
INFO: [ view_filter ] --START--
INFO: Run Behavior\WriteHtmlCacheBehavior [ RunTime:0.000000s ]
INFO: [ view_filter ] --END-- [ RunTime:0.000000s ]
INFO: [ app_end ] --START--
INFO: Run Behavior\ShowPageTraceBehavior [ RunTime:0.000000s ]
INFO: [ app_end ] --END-- [ RunTime:0.001000s ]

