[ 2020-09-19T15:36:39+08:00 ] 192.168.101.250 /Api/Ticket/web_sys
INFO: [ app_init ] --START--
INFO: Run Behavior\BuildLiteBehavior [ RunTime:0.000000s ]
INFO: [ app_init ] --END-- [ RunTime:0.001000s ]
INFO: [ app_begin ] --START--
INFO: Run Behavior\ReadHtmlCacheBehavior [ RunTime:0.000000s ]
INFO: [ app_begin ] --END-- [ RunTime:0.000000s ]
SQL: SHOW COLUMNS FROM `tp_config` [ RunTime:0.0260s ]
SQL: SELECT * FROM `tp_config` WHERE `inc_type` = 'web_sys'  [ RunTime:0.0000s ]
ERR: 模板不存在:./tpl/Api/Ticket/web_sys.html

[ 2020-09-19T15:36:40+08:00 ] 192.168.101.250 /Api/Ticket/web_sys
INFO: [ app_init ] --START--
INFO: Run Behavior\BuildLiteBehavior [ RunTime:0.000000s ]
INFO: [ app_init ] --END-- [ RunTime:0.001000s ]
INFO: [ app_begin ] --START--
INFO: Run Behavior\ReadHtmlCacheBehavior [ RunTime:0.000000s ]
INFO: [ app_begin ] --END-- [ RunTime:0.000000s ]
SQL: SHOW COLUMNS FROM `tp_config` [ RunTime:0.0000s ]
SQL: SELECT * FROM `tp_config` WHERE `inc_type` = 'web_sys'  [ RunTime:0.0000s ]
ERR: 模板不存在:./tpl/Api/Ticket/web_sys.html

[ 2020-09-19T15:37:40+08:00 ] 192.168.101.250 /Api/Ticket/web_sys
INFO: [ app_init ] --START--
INFO: Run Behavior\BuildLiteBehavior [ RunTime:0.000000s ]
INFO: [ app_init ] --END-- [ RunTime:0.000000s ]
INFO: [ app_begin ] --START--
INFO: Run Behavior\ReadHtmlCacheBehavior [ RunTime:0.000000s ]
INFO: [ app_begin ] --END-- [ RunTime:0.000000s ]
SQL: SHOW COLUMNS FROM `tp_config` [ RunTime:0.0010s ]
SQL: SELECT * FROM `tp_config` WHERE `inc_type` = 'web_sys'  [ RunTime:0.0000s ]

[ 2020-09-19T15:37:55+08:00 ] 192.168.101.250 /Api/Ticket/web_sys
INFO: [ app_init ] --START--
INFO: Run Behavior\BuildLiteBehavior [ RunTime:0.001000s ]
INFO: [ app_init ] --END-- [ RunTime:0.001000s ]
INFO: [ app_begin ] --START--
INFO: Run Behavior\ReadHtmlCacheBehavior [ RunTime:0.001000s ]
INFO: [ app_begin ] --END-- [ RunTime:0.001000s ]
SQL: SHOW COLUMNS FROM `tp_config` [ RunTime:0.0000s ]
SQL: SELECT * FROM `tp_config` WHERE `inc_type` = 'web_sys'  [ RunTime:0.0010s ]

[ 2020-09-19T20:26:28+08:00 ] 192.168.101.205 /Api/Ticket/get_openid
INFO: [ app_init ] --START--
INFO: Run Behavior\BuildLiteBehavior [ RunTime:0.000000s ]
INFO: [ app_init ] --END-- [ RunTime:0.001000s ]
INFO: [ app_begin ] --START--
INFO: Run Behavior\ReadHtmlCacheBehavior [ RunTime:0.001000s ]
INFO: [ app_begin ] --END-- [ RunTime:0.001000s ]
NOTIC: [2] Missing argument 1 for I(), called in D:\phpstudy_pro\WWW\gcw\Application\Api\Controller\TicketController.class.php on line 48 and defined D:\phpstudy_pro\WWW\gcw\ThinkPHP\Common\functions.php 第 303 行.
NOTIC: [8] Undefined variable: name D:\phpstudy_pro\WWW\gcw\ThinkPHP\Common\functions.php 第 306 行.
NOTIC: [8] Undefined variable: name D:\phpstudy_pro\WWW\gcw\ThinkPHP\Common\functions.php 第 313 行.
NOTIC: [8] Undefined variable: name D:\phpstudy_pro\WWW\gcw\ThinkPHP\Common\functions.php 第 376 行.
NOTIC: [8] Undefined index: code D:\phpstudy_pro\WWW\gcw\Application\Api\Controller\TicketController.class.php 第 50 行.
INFO: [ app_end ] --START--
INFO: Run Behavior\ShowPageTraceBehavior [ RunTime:0.001000s ]
INFO: [ app_end ] --END-- [ RunTime:0.001000s ]

[ 2020-09-19T20:28:59+08:00 ] 192.168.101.205 /Api/Ticket/get_openid
INFO: [ app_init ] --START--
INFO: Run Behavior\BuildLiteBehavior [ RunTime:0.000000s ]
INFO: [ app_init ] --END-- [ RunTime:0.001000s ]
INFO: [ app_begin ] --START--
INFO: Run Behavior\ReadHtmlCacheBehavior [ RunTime:0.000000s ]
INFO: [ app_begin ] --END-- [ RunTime:0.000000s ]
NOTIC: [2] Missing argument 1 for I(), called in D:\phpstudy_pro\WWW\gcw\Application\Api\Controller\TicketController.class.php on line 48 and defined D:\phpstudy_pro\WWW\gcw\ThinkPHP\Common\functions.php 第 303 行.
NOTIC: [8] Undefined variable: name D:\phpstudy_pro\WWW\gcw\ThinkPHP\Common\functions.php 第 306 行.
NOTIC: [8] Undefined variable: name D:\phpstudy_pro\WWW\gcw\ThinkPHP\Common\functions.php 第 313 行.
NOTIC: [8] Undefined variable: name D:\phpstudy_pro\WWW\gcw\ThinkPHP\Common\functions.php 第 376 行.
NOTIC: [8] Undefined index: code D:\phpstudy_pro\WWW\gcw\Application\Api\Controller\TicketController.class.php 第 50 行.
INFO: [ app_end ] --START--
INFO: Run Behavior\ShowPageTraceBehavior [ RunTime:0.000000s ]
INFO: [ app_end ] --END-- [ RunTime:0.000000s ]

[ 2020-09-19T20:29:46+08:00 ] 192.168.101.205 /Api/Ticket/get_openid
INFO: [ app_init ] --START--
INFO: Run Behavior\BuildLiteBehavior [ RunTime:0.000000s ]
INFO: [ app_init ] --END-- [ RunTime:0.000000s ]
INFO: [ app_begin ] --START--
INFO: Run Behavior\ReadHtmlCacheBehavior [ RunTime:0.000000s ]
INFO: [ app_begin ] --END-- [ RunTime:0.000000s ]
NOTIC: [2] Missing argument 1 for I(), called in D:\phpstudy_pro\WWW\gcw\Application\Api\Controller\TicketController.class.php on line 48 and defined D:\phpstudy_pro\WWW\gcw\ThinkPHP\Common\functions.php 第 303 行.
NOTIC: [8] Undefined variable: name D:\phpstudy_pro\WWW\gcw\ThinkPHP\Common\functions.php 第 306 行.
NOTIC: [8] Undefined variable: name D:\phpstudy_pro\WWW\gcw\ThinkPHP\Common\functions.php 第 313 行.
NOTIC: [8] Undefined variable: name D:\phpstudy_pro\WWW\gcw\ThinkPHP\Common\functions.php 第 376 行.
NOTIC: [8] Undefined index: code D:\phpstudy_pro\WWW\gcw\Application\Api\Controller\TicketController.class.php 第 50 行.
INFO: [ app_end ] --START--
INFO: Run Behavior\ShowPageTraceBehavior [ RunTime:0.001000s ]
INFO: [ app_end ] --END-- [ RunTime:0.001000s ]

[ 2020-09-19T20:30:19+08:00 ] 192.168.101.205 /Api/Ticket/get_openid
INFO: [ app_init ] --START--
INFO: Run Behavior\BuildLiteBehavior [ RunTime:0.000000s ]
INFO: [ app_init ] --END-- [ RunTime:0.000000s ]
INFO: [ app_begin ] --START--
INFO: Run Behavior\ReadHtmlCacheBehavior [ RunTime:0.001000s ]
INFO: [ app_begin ] --END-- [ RunTime:0.001000s ]
NOTIC: [2] Missing argument 1 for I(), called in D:\phpstudy_pro\WWW\gcw\Application\Api\Controller\TicketController.class.php on line 48 and defined D:\phpstudy_pro\WWW\gcw\ThinkPHP\Common\functions.php 第 303 行.
NOTIC: [8] Undefined variable: name D:\phpstudy_pro\WWW\gcw\ThinkPHP\Common\functions.php 第 306 行.
NOTIC: [8] Undefined variable: name D:\phpstudy_pro\WWW\gcw\ThinkPHP\Common\functions.php 第 313 行.
NOTIC: [8] Undefined variable: name D:\phpstudy_pro\WWW\gcw\ThinkPHP\Common\functions.php 第 376 行.
NOTIC: [8] Undefined index: code D:\phpstudy_pro\WWW\gcw\Application\Api\Controller\TicketController.class.php 第 50 行.
INFO: [ app_end ] --START--
INFO: Run Behavior\ShowPageTraceBehavior [ RunTime:0.001000s ]
INFO: [ app_end ] --END-- [ RunTime:0.001000s ]

[ 2020-09-19T20:30:47+08:00 ] 192.168.101.205 /Api/Ticket/get_openid
INFO: [ app_init ] --START--
INFO: Run Behavior\BuildLiteBehavior [ RunTime:0.000000s ]
INFO: [ app_init ] --END-- [ RunTime:0.001000s ]
INFO: [ app_begin ] --START--
INFO: Run Behavior\ReadHtmlCacheBehavior [ RunTime:0.000000s ]
INFO: [ app_begin ] --END-- [ RunTime:0.000000s ]
NOTIC: [2] Missing argument 1 for I(), called in D:\phpstudy_pro\WWW\gcw\Application\Api\Controller\TicketController.class.php on line 48 and defined D:\phpstudy_pro\WWW\gcw\ThinkPHP\Common\functions.php 第 303 行.
NOTIC: [8] Undefined variable: name D:\phpstudy_pro\WWW\gcw\ThinkPHP\Common\functions.php 第 306 行.
NOTIC: [8] Undefined variable: name D:\phpstudy_pro\WWW\gcw\ThinkPHP\Common\functions.php 第 313 行.
NOTIC: [8] Undefined variable: name D:\phpstudy_pro\WWW\gcw\ThinkPHP\Common\functions.php 第 376 行.
NOTIC: [8] Undefined index: code D:\phpstudy_pro\WWW\gcw\Application\Api\Controller\TicketController.class.php 第 50 行.
INFO: [ app_end ] --START--
INFO: Run Behavior\ShowPageTraceBehavior [ RunTime:0.001001s ]
INFO: [ app_end ] --END-- [ RunTime:0.001001s ]

[ 2020-09-19T21:01:34+08:00 ] 192.168.101.205 /Api/Ticket/get_openid
INFO: [ app_init ] --START--
INFO: Run Behavior\BuildLiteBehavior [ RunTime:0.000000s ]
INFO: [ app_init ] --END-- [ RunTime:0.001000s ]
INFO: [ app_begin ] --START--
INFO: Run Behavior\ReadHtmlCacheBehavior [ RunTime:0.001000s ]
INFO: [ app_begin ] --END-- [ RunTime:0.001000s ]
NOTIC: [2] Missing argument 1 for I(), called in D:\phpstudy_pro\WWW\gcw\Application\Api\Controller\TicketController.class.php on line 48 and defined D:\phpstudy_pro\WWW\gcw\ThinkPHP\Common\functions.php 第 303 行.
NOTIC: [8] Undefined variable: name D:\phpstudy_pro\WWW\gcw\ThinkPHP\Common\functions.php 第 306 行.
NOTIC: [8] Undefined variable: name D:\phpstudy_pro\WWW\gcw\ThinkPHP\Common\functions.php 第 313 行.
NOTIC: [8] Undefined variable: name D:\phpstudy_pro\WWW\gcw\ThinkPHP\Common\functions.php 第 376 行.
NOTIC: [8] Undefined index: code D:\phpstudy_pro\WWW\gcw\Application\Api\Controller\TicketController.class.php 第 50 行.
INFO: [ app_end ] --START--
INFO: Run Behavior\ShowPageTraceBehavior [ RunTime:0.001000s ]
INFO: [ app_end ] --END-- [ RunTime:0.001000s ]

[ 2020-09-19T21:01:45+08:00 ] 192.168.101.205 /Api/Ticket/get_openid
INFO: [ app_init ] --START--
INFO: Run Behavior\BuildLiteBehavior [ RunTime:0.000000s ]
INFO: [ app_init ] --END-- [ RunTime:0.001000s ]
INFO: [ app_begin ] --START--
INFO: Run Behavior\ReadHtmlCacheBehavior [ RunTime:0.000000s ]
INFO: [ app_begin ] --END-- [ RunTime:0.001001s ]
NOTIC: [2] Missing argument 1 for I(), called in D:\phpstudy_pro\WWW\gcw\Application\Api\Controller\TicketController.class.php on line 48 and defined D:\phpstudy_pro\WWW\gcw\ThinkPHP\Common\functions.php 第 303 行.
NOTIC: [8] Undefined variable: name D:\phpstudy_pro\WWW\gcw\ThinkPHP\Common\functions.php 第 306 行.
NOTIC: [8] Undefined variable: name D:\phpstudy_pro\WWW\gcw\ThinkPHP\Common\functions.php 第 313 行.
NOTIC: [8] Undefined variable: name D:\phpstudy_pro\WWW\gcw\ThinkPHP\Common\functions.php 第 376 行.
NOTIC: [8] Undefined index: code D:\phpstudy_pro\WWW\gcw\Application\Api\Controller\TicketController.class.php 第 50 行.
INFO: [ app_end ] --START--
INFO: Run Behavior\ShowPageTraceBehavior [ RunTime:0.001000s ]
INFO: [ app_end ] --END-- [ RunTime:0.001000s ]

[ 2020-09-19T21:02:45+08:00 ] 192.168.101.250 /Api/Ticket/web_sys
INFO: [ app_init ] --START--
INFO: Run Behavior\BuildLiteBehavior [ RunTime:0.000000s ]
INFO: [ app_init ] --END-- [ RunTime:0.001000s ]
INFO: [ app_begin ] --START--
INFO: Run Behavior\ReadHtmlCacheBehavior [ RunTime:0.001000s ]
INFO: [ app_begin ] --END-- [ RunTime:0.001000s ]
SQL: SHOW COLUMNS FROM `tp_config` [ RunTime:0.0130s ]
SQL: SELECT * FROM `tp_config` WHERE `inc_type` = 'web_sys'  [ RunTime:0.0010s ]

[ 2020-09-19T21:02:49+08:00 ] 192.168.101.250 /Api/Ticket/web_sys
INFO: [ app_init ] --START--
INFO: Run Behavior\BuildLiteBehavior [ RunTime:0.000000s ]
INFO: [ app_init ] --END-- [ RunTime:0.000000s ]
INFO: [ app_begin ] --START--
INFO: Run Behavior\ReadHtmlCacheBehavior [ RunTime:0.000000s ]
INFO: [ app_begin ] --END-- [ RunTime:0.000000s ]
SQL: SHOW COLUMNS FROM `tp_config` [ RunTime:0.0110s ]
SQL: SELECT * FROM `tp_config` WHERE `inc_type` = 'web_sys'  [ RunTime:0.0010s ]

[ 2020-09-19T21:03:01+08:00 ] 192.168.101.250 /Api/Ticket/get_openid
INFO: [ app_init ] --START--
INFO: Run Behavior\BuildLiteBehavior [ RunTime:0.000000s ]
INFO: [ app_init ] --END-- [ RunTime:0.000000s ]
INFO: [ app_begin ] --START--
INFO: Run Behavior\ReadHtmlCacheBehavior [ RunTime:0.000000s ]
INFO: [ app_begin ] --END-- [ RunTime:0.000000s ]
NOTIC: [2] Missing argument 1 for I(), called in D:\phpstudy_pro\WWW\gcw\Application\Api\Controller\TicketController.class.php on line 48 and defined D:\phpstudy_pro\WWW\gcw\ThinkPHP\Common\functions.php 第 303 行.
NOTIC: [8] Undefined variable: name D:\phpstudy_pro\WWW\gcw\ThinkPHP\Common\functions.php 第 306 行.
NOTIC: [8] Undefined variable: name D:\phpstudy_pro\WWW\gcw\ThinkPHP\Common\functions.php 第 313 行.
NOTIC: [8] Undefined variable: name D:\phpstudy_pro\WWW\gcw\ThinkPHP\Common\functions.php 第 376 行.
INFO: [ app_end ] --START--
INFO: Run Behavior\ShowPageTraceBehavior [ RunTime:0.000000s ]
INFO: [ app_end ] --END-- [ RunTime:0.000000s ]

[ 2020-09-19T21:03:32+08:00 ] 192.168.101.205 /Api/Ticket/get_openid
INFO: [ app_init ] --START--
INFO: Run Behavior\BuildLiteBehavior [ RunTime:0.000000s ]
INFO: [ app_init ] --END-- [ RunTime:0.000000s ]
INFO: [ app_begin ] --START--
INFO: Run Behavior\ReadHtmlCacheBehavior [ RunTime:0.001000s ]
INFO: [ app_begin ] --END-- [ RunTime:0.001000s ]
NOTIC: [2] Missing argument 1 for I(), called in D:\phpstudy_pro\WWW\gcw\Application\Api\Controller\TicketController.class.php on line 48 and defined D:\phpstudy_pro\WWW\gcw\ThinkPHP\Common\functions.php 第 303 行.
NOTIC: [8] Undefined variable: name D:\phpstudy_pro\WWW\gcw\ThinkPHP\Common\functions.php 第 306 行.
NOTIC: [8] Undefined variable: name D:\phpstudy_pro\WWW\gcw\ThinkPHP\Common\functions.php 第 313 行.
NOTIC: [8] Undefined variable: name D:\phpstudy_pro\WWW\gcw\ThinkPHP\Common\functions.php 第 376 行.
NOTIC: [8] Undefined index: code D:\phpstudy_pro\WWW\gcw\Application\Api\Controller\TicketController.class.php 第 50 行.

[ 2020-09-19T21:03:39+08:00 ] 192.168.101.205 /Api/Ticket/get_openid
INFO: [ app_init ] --START--
INFO: Run Behavior\BuildLiteBehavior [ RunTime:0.000000s ]
INFO: [ app_init ] --END-- [ RunTime:0.000000s ]
INFO: [ app_begin ] --START--
INFO: Run Behavior\ReadHtmlCacheBehavior [ RunTime:0.001000s ]
INFO: [ app_begin ] --END-- [ RunTime:0.001000s ]
NOTIC: [2] Missing argument 1 for I(), called in D:\phpstudy_pro\WWW\gcw\Application\Api\Controller\TicketController.class.php on line 48 and defined D:\phpstudy_pro\WWW\gcw\ThinkPHP\Common\functions.php 第 303 行.
NOTIC: [8] Undefined variable: name D:\phpstudy_pro\WWW\gcw\ThinkPHP\Common\functions.php 第 306 行.
NOTIC: [8] Undefined variable: name D:\phpstudy_pro\WWW\gcw\ThinkPHP\Common\functions.php 第 313 行.
NOTIC: [8] Undefined variable: name D:\phpstudy_pro\WWW\gcw\ThinkPHP\Common\functions.php 第 376 行.
NOTIC: [8] Undefined index: code D:\phpstudy_pro\WWW\gcw\Application\Api\Controller\TicketController.class.php 第 50 行.

[ 2020-09-19T21:11:54+08:00 ] 192.168.101.205 /Api/Ticket/get_openid
INFO: [ app_init ] --START--
INFO: Run Behavior\BuildLiteBehavior [ RunTime:0.000000s ]
INFO: [ app_init ] --END-- [ RunTime:0.000000s ]
INFO: [ app_begin ] --START--
INFO: Run Behavior\ReadHtmlCacheBehavior [ RunTime:0.001000s ]
INFO: [ app_begin ] --END-- [ RunTime:0.001000s ]
NOTIC: [2] Missing argument 1 for I(), called in D:\phpstudy_pro\WWW\gcw\Application\Api\Controller\TicketController.class.php on line 48 and defined D:\phpstudy_pro\WWW\gcw\ThinkPHP\Common\functions.php 第 303 行.
NOTIC: [8] Undefined variable: name D:\phpstudy_pro\WWW\gcw\ThinkPHP\Common\functions.php 第 306 行.
NOTIC: [8] Undefined variable: name D:\phpstudy_pro\WWW\gcw\ThinkPHP\Common\functions.php 第 313 行.
NOTIC: [8] Undefined variable: name D:\phpstudy_pro\WWW\gcw\ThinkPHP\Common\functions.php 第 376 行.
NOTIC: [8] Undefined index: code D:\phpstudy_pro\WWW\gcw\Application\Api\Controller\TicketController.class.php 第 50 行.

[ 2020-09-19T21:12:36+08:00 ] 192.168.101.205 /Api/Ticket/get_openid
INFO: [ app_init ] --START--
INFO: Run Behavior\BuildLiteBehavior [ RunTime:0.000000s ]
INFO: [ app_init ] --END-- [ RunTime:0.000000s ]
INFO: [ app_begin ] --START--
INFO: Run Behavior\ReadHtmlCacheBehavior [ RunTime:0.001000s ]
INFO: [ app_begin ] --END-- [ RunTime:0.001000s ]
NOTIC: [2] Missing argument 1 for I(), called in D:\phpstudy_pro\WWW\gcw\Application\Api\Controller\TicketController.class.php on line 48 and defined D:\phpstudy_pro\WWW\gcw\ThinkPHP\Common\functions.php 第 303 行.
NOTIC: [8] Undefined variable: name D:\phpstudy_pro\WWW\gcw\ThinkPHP\Common\functions.php 第 306 行.
NOTIC: [8] Undefined variable: name D:\phpstudy_pro\WWW\gcw\ThinkPHP\Common\functions.php 第 313 行.
NOTIC: [8] Undefined variable: name D:\phpstudy_pro\WWW\gcw\ThinkPHP\Common\functions.php 第 376 行.

[ 2020-09-19T21:13:29+08:00 ] 192.168.101.205 /Api/Ticket/get_openid
INFO: [ app_init ] --START--
INFO: Run Behavior\BuildLiteBehavior [ RunTime:0.000000s ]
INFO: [ app_init ] --END-- [ RunTime:0.000000s ]
INFO: [ app_begin ] --START--
INFO: Run Behavior\ReadHtmlCacheBehavior [ RunTime:0.001000s ]
INFO: [ app_begin ] --END-- [ RunTime:0.001000s ]
NOTIC: [2] Missing argument 1 for I(), called in D:\phpstudy_pro\WWW\gcw\Application\Api\Controller\TicketController.class.php on line 48 and defined D:\phpstudy_pro\WWW\gcw\ThinkPHP\Common\functions.php 第 303 行.
NOTIC: [8] Undefined variable: name D:\phpstudy_pro\WWW\gcw\ThinkPHP\Common\functions.php 第 306 行.
NOTIC: [8] Undefined variable: name D:\phpstudy_pro\WWW\gcw\ThinkPHP\Common\functions.php 第 313 行.
NOTIC: [8] Undefined variable: name D:\phpstudy_pro\WWW\gcw\ThinkPHP\Common\functions.php 第 376 行.
NOTIC: [8] Undefined index: code D:\phpstudy_pro\WWW\gcw\Application\Api\Controller\TicketController.class.php 第 50 行.

[ 2020-09-19T21:13:40+08:00 ] 192.168.101.205 /Api/Ticket/get_openid
INFO: [ app_init ] --START--
INFO: Run Behavior\BuildLiteBehavior [ RunTime:0.000000s ]
INFO: [ app_init ] --END-- [ RunTime:0.001000s ]
INFO: [ app_begin ] --START--
INFO: Run Behavior\ReadHtmlCacheBehavior [ RunTime:0.000000s ]
INFO: [ app_begin ] --END-- [ RunTime:0.000000s ]
NOTIC: [2] Missing argument 1 for I(), called in D:\phpstudy_pro\WWW\gcw\Application\Api\Controller\TicketController.class.php on line 48 and defined D:\phpstudy_pro\WWW\gcw\ThinkPHP\Common\functions.php 第 303 行.
NOTIC: [8] Undefined variable: name D:\phpstudy_pro\WWW\gcw\ThinkPHP\Common\functions.php 第 306 行.
NOTIC: [8] Undefined variable: name D:\phpstudy_pro\WWW\gcw\ThinkPHP\Common\functions.php 第 313 行.
NOTIC: [8] Undefined variable: name D:\phpstudy_pro\WWW\gcw\ThinkPHP\Common\functions.php 第 376 行.
NOTIC: [8] Undefined index: code D:\phpstudy_pro\WWW\gcw\Application\Api\Controller\TicketController.class.php 第 50 行.

[ 2020-09-19T21:15:56+08:00 ] 192.168.101.205 /Api/Ticket/get_openid
INFO: [ app_init ] --START--
INFO: Run Behavior\BuildLiteBehavior [ RunTime:0.000000s ]
INFO: [ app_init ] --END-- [ RunTime:0.001000s ]
INFO: [ app_begin ] --START--
INFO: Run Behavior\ReadHtmlCacheBehavior [ RunTime:0.000000s ]
INFO: [ app_begin ] --END-- [ RunTime:0.000000s ]
NOTIC: [2] Missing argument 1 for I(), called in D:\phpstudy_pro\WWW\gcw\Application\Api\Controller\TicketController.class.php on line 48 and defined D:\phpstudy_pro\WWW\gcw\ThinkPHP\Common\functions.php 第 303 行.
NOTIC: [8] Undefined variable: name D:\phpstudy_pro\WWW\gcw\ThinkPHP\Common\functions.php 第 306 行.
NOTIC: [8] Undefined variable: name D:\phpstudy_pro\WWW\gcw\ThinkPHP\Common\functions.php 第 313 行.
NOTIC: [8] Undefined variable: name D:\phpstudy_pro\WWW\gcw\ThinkPHP\Common\functions.php 第 376 行.

[ 2020-09-19T21:17:06+08:00 ] 192.168.101.250 /Api/Ticket/get_openid
INFO: [ app_init ] --START--
INFO: Run Behavior\BuildLiteBehavior [ RunTime:0.000000s ]
INFO: [ app_init ] --END-- [ RunTime:0.000000s ]
INFO: [ app_begin ] --START--
INFO: Run Behavior\ReadHtmlCacheBehavior [ RunTime:0.001000s ]
INFO: [ app_begin ] --END-- [ RunTime:0.001000s ]
NOTIC: [2] Missing argument 1 for I(), called in D:\phpstudy_pro\WWW\gcw\Application\Api\Controller\TicketController.class.php on line 48 and defined D:\phpstudy_pro\WWW\gcw\ThinkPHP\Common\functions.php 第 303 行.
NOTIC: [8] Undefined variable: name D:\phpstudy_pro\WWW\gcw\ThinkPHP\Common\functions.php 第 306 行.
NOTIC: [8] Undefined variable: name D:\phpstudy_pro\WWW\gcw\ThinkPHP\Common\functions.php 第 313 行.
NOTIC: [8] Undefined variable: name D:\phpstudy_pro\WWW\gcw\ThinkPHP\Common\functions.php 第 376 行.

[ 2020-09-19T21:21:02+08:00 ] 192.168.101.205 /Api/Ticket/get_openid
INFO: [ app_init ] --START--
INFO: Run Behavior\BuildLiteBehavior [ RunTime:0.000000s ]
INFO: [ app_init ] --END-- [ RunTime:0.000000s ]
INFO: [ app_begin ] --START--
INFO: Run Behavior\ReadHtmlCacheBehavior [ RunTime:0.001000s ]
INFO: [ app_begin ] --END-- [ RunTime:0.001000s ]

